Arguments: 
  /Users/temporary/.nvm/versions/node/v12.20.1/bin/node /usr/local/bin/yarn init

PATH: 
  /Users/temporary/.nvm/versions/node/v12.20.1/bin:/usr/local/bin:/usr/bin:/bin:/usr/sbin:/sbin:/Library/Apple/usr/bin:/Users/temporary/Library/Android/sdk/emulator:/Users/temporary/Library/Android/sdk/tools:/Users/temporary/Library/Android/sdk/tools/bin:/Users/temporary/Library/Android/sdk/platform-tools:/Users/temporary/Works/kumparan/yowez-cli/bin/

Yarn version: 
  1.22.10

Node version: 
  12.20.1

Platform: 
  darwin x64

Trace: 
  Error: canceled
      at Interface.<anonymous> (/Users/temporary/.nvm/versions/node/v10.23.0/lib/node_modules/yarn/lib/cli.js:136216:13)
      at Interface.emit (events.js:314:20)
      at Interface._ttyWrite (readline.js:868:16)
      at ReadStream.onkeypress (readline.js:205:10)
      at ReadStream.emit (events.js:314:20)
      at emitKeys (internal/readline/utils.js:335:14)
      at emitKeys.next (<anonymous>)
      at ReadStream.onData (readline.js:1137:36)
      at ReadStream.emit (events.js:314:20)
      at addChunk (_stream_readable.js:297:12)

npm manifest: 
  No manifest

yarn manifest: 
  No manifest

Lockfile: 
  No lockfile
